2022-09-27 13:36:42,639 ERROR o.a.j.JMeter: Uncaught exception in thread Thread[jp@gc - Ultimate Thread Group 1-1,6,main]
org.codehaus.groovy.GroovyBugError: BUG! exception in phase 'semantic analysis' in source unit 'Script1.groovy' Unsupported class file major version 62
	at org.codehaus.groovy.control.CompilationUnit$ISourceUnitOperation.doPhaseOperation(CompilationUnit.java:905) ~[groovy-3.0.7.jar:3.0.7]
	at org.codehaus.groovy.control.CompilationUnit.compile(CompilationUnit.java:627) ~[groovy-3.0.7.jar:3.0.7]
	at groovy.lang.GroovyClassLoader.doParseClass(GroovyClassLoader.java:389) ~[groovy-3.0.7.jar:3.0.7]
	at groovy.lang.GroovyClassLoader.lambda$parseClass$3(GroovyClassLoader.java:332) ~[groovy-3.0.7.jar:3.0.7]
	at org.codehaus.groovy.runtime.memoize.StampedCommonCache.compute(StampedCommonCache.java:163) ~[groovy-3.0.7.jar:3.0.7]
	at org.codehaus.groovy.runtime.memoize.StampedCommonCache.getAndPut(StampedCommonCache.java:154) ~[groovy-3.0.7.jar:3.0.7]
	at groovy.lang.GroovyClassLoader.parseClass(GroovyClassLoader.java:330) ~[groovy-3.0.7.jar:3.0.7]
	at groovy.lang.GroovyClassLoader.parseClass(GroovyClassLoader.java:314) ~[groovy-3.0.7.jar:3.0.7]
	at groovy.lang.GroovyClassLoader.parseClass(GroovyClassLoader.java:257) ~[groovy-3.0.7.jar:3.0.7]
	at org.codehaus.groovy.jsr223.GroovyScriptEngineImpl.getScriptClass(GroovyScriptEngineImpl.java:336) ~[groovy-jsr223-3.0.7.jar:3.0.7]
	at org.codehaus.groovy.jsr223.GroovyScriptEngineImpl.compile(GroovyScriptEngineImpl.java:181) ~[groovy-jsr223-3.0.7.jar:3.0.7]
	at org.apache.jmeter.util.JSR223TestElement.processFileOrScript(JSR223TestElement.java:211) ~[ApacheJMeter_core.jar:5.4.3]
	at org.apache.jmeter.protocol.java.sampler.JSR223Sampler.sample(JSR223Sampler.java:72) ~[ApacheJMeter_java.jar:5.4.3]
	at org.apache.jmeter.threads.JMeterThread.doSampling(JMeterThread.java:638) ~[ApacheJMeter_core.jar:?]
	at org.apache.jmeter.threads.JMeterThread.executeSamplePackage(JMeterThread.java:558) ~[ApacheJMeter_core.jar:?]
	at org.apache.jmeter.threads.JMeterThread.processSampler(JMeterThread.java:489) ~[ApacheJMeter_core.jar:?]
	at org.apache.jmeter.threads.JMeterThread.run(JMeterThread.java:256) ~[ApacheJMeter_core.jar:?]
	at java.lang.Thread.run(Thread.java:833) [?:?]
Caused by: java.lang.IllegalArgumentException: Unsupported class file major version 62
	at groovyjarjarasm.asm.ClassReader.<init>(ClassReader.java:189) ~[groovy-3.0.7.jar:3.0.7]
	at groovyjarjarasm.asm.ClassReader.<init>(ClassReader.java:170) ~[groovy-3.0.7.jar:3.0.7]
	at groovyjarjarasm.asm.ClassReader.<init>(ClassReader.java:156) ~[groovy-3.0.7.jar:3.0.7]
	at groovyjarjarasm.asm.ClassReader.<init>(ClassReader.java:277) ~[groovy-3.0.7.jar:3.0.7]
	at org.codehaus.groovy.ast.decompiled.AsmDecompiler.parseClass(AsmDecompiler.java:81) ~[groovy-3.0.7.jar:3.0.7]
	at org.codehaus.groovy.control.ClassNodeResolver.findDecompiled(ClassNodeResolver.java:251) ~[groovy-3.0.7.jar:3.0.7]
	at org.codehaus.groovy.control.ClassNodeResolver.tryAsLoaderClassOrScript(ClassNodeResolver.java:189) ~[groovy-3.0.7.jar:3.0.7]
	at org.codehaus.groovy.control.ClassNodeResolver.findClassNode(ClassNodeResolver.java:169) ~[groovy-3.0.7.jar:3.0.7]
	at org.codehaus.groovy.control.ClassNodeResolver.resolveName(ClassNodeResolver.java:125) ~[groovy-3.0.7.jar:3.0.7]
	at org.codehaus.groovy.control.ResolveVisitor.resolveToOuter(ResolveVisitor.java:871) ~[groovy-3.0.7.jar:3.0.7]
	at org.codehaus.groovy.control.ResolveVisitor.resolve(ResolveVisitor.java:506) ~[groovy-3.0.7.jar:3.0.7]
	at org.codehaus.groovy.control.ResolveVisitor.visitClass(ResolveVisitor.java:1432) ~[groovy-3.0.7.jar:3.0.7]
	at org.codehaus.groovy.control.ResolveVisitor.startResolving(ResolveVisitor.java:262) ~[groovy-3.0.7.jar:3.0.7]
	at org.codehaus.groovy.control.CompilationUnit.lambda$new$16(CompilationUnit.java:738) ~[groovy-3.0.7.jar:3.0.7]
	at org.codehaus.groovy.control.CompilationUnit$ISourceUnitOperation.doPhaseOperation(CompilationUnit.java:901) ~[groovy-3.0.7.jar:3.0.7]
	... 17 more